<?xml version="1.0" encoding="UTF-8"?>
<testng-results ignored="0" total="2" passed="2" failed="0" skipped="0">
  <reporter-output>
  </reporter-output>
  <suite started-at="2023-07-26T09:32:32 IST" name="Default suite" finished-at="2023-07-26T09:33:43 IST" duration-ms="70958">
    <groups>
    </groups>
    <test started-at="2023-07-26T09:32:32 IST" name="Default test" finished-at="2023-07-26T09:33:43 IST" duration-ms="70958">
      <class name="ui.TestNgAutosuggestiveDropdown">
        <test-method signature="DestinationDropdown()[pri:0, instance:ui.TestNgAutosuggestiveDropdown@2b91004a]" started-at="2023-07-26T09:32:33 IST" name="DestinationDropdown" finished-at="2023-07-26T09:32:45 IST" duration-ms="12192" status="PASS">
          <reporter-output>
          </reporter-output>
        </test-method> <!-- DestinationDropdown -->
        <test-method signature="fromDropdown()[pri:1, instance:ui.TestNgAutosuggestiveDropdown@2b91004a]" started-at="2023-07-26T09:32:45 IST" name="fromDropdown" finished-at="2023-07-26T09:33:43 IST" duration-ms="58712" status="PASS">
          <reporter-output>
          </reporter-output>
        </test-method> <!-- fromDropdown -->
      </class> <!-- ui.TestNgAutosuggestiveDropdown -->
    </test> <!-- Default test -->
  </suite> <!-- Default suite -->
</testng-results>
